<?xml version="1.0" encoding="UTF-8"?>
<!-- Generated by org.testng.reporters.JUnitReportReporter -->
<testsuite hostname="Kieu-Nguyen" failures="0" tests="1" name="testcases.LoginTest" time="4.895" errors="0" timestamp="2023-01-29T20:43:01 EST" skipped="0">
  <testcase classname="testcases.LoginTest" name="testLogin" time="4.895"/>
  <system-out/>
</testsuite> <!-- testcases.LoginTest -->
