<?xml version="1.0" encoding="UTF-8"?>
<!-- Generated by org.testng.reporters.JUnitReportReporter -->
<testsuite hostname="Kieu-Nguyen" failures="0" tests="2" name="com.bdd.runners.LoginModuleRunner" time="8.521" errors="0" timestamp="2023-01-30T08:49:06 EST" skipped="0">
  <testcase classname="com.bdd.runners.LoginModuleRunner" name="runScenario" time="5.504"/>
  <system-out/>
  <testcase classname="com.bdd.runners.LoginModuleRunner" name="runScenario" time="3.017"/>
  <system-out/>
</testsuite> <!-- com.bdd.runners.LoginModuleRunner -->
