<?xml version="1.0" encoding="UTF-8"?>
<!-- Generated by org.testng.reporters.JUnitReportReporter -->
<testsuite hostname="Kieu-Nguyen" failures="0" tests="2" name="com.bdd.runners.LoginModuleRunner" time="17.855" errors="0" timestamp="2023-01-29T21:58:13 EST" skipped="0">
  <testcase classname="com.bdd.runners.LoginModuleRunner" name="runScenario" time="7.668"/>
  <system-out/>
  <testcase classname="com.bdd.runners.LoginModuleRunner" name="runScenario" time="10.187"/>
  <system-out/>
</testsuite> <!-- com.bdd.runners.LoginModuleRunner -->
